Using pre-set license
Built from '2020.3/staging' branch; Version is '2020.3.0f1 (c7b5465681fb) revision 13088070'; Using compiler version '192528614'; Build Type 'Release'
OS: 'Windows 10 Home; OS build 19042.868; Version 2009; 64bit' Language: 'es' Physical Memory: 16085 MB
BatchMode: 1, IsHumanControllingUs: 0, StartBugReporterOnCrash: 0, Is64bit: 1, IsPro: 0

 COMMAND LINE ARGUMENTS:
C:\Program Files\2020.3.0f1\Editor\Unity.exe
-adb2
-batchMode
-noUpm
-name
AssetImportWorker1
-projectPath
C:/Users/colac/Documents/Unity/05_Balloons
-logFile
Logs/AssetImportWorker1.log
-srvPort
49875
Successfully changed project path to: C:/Users/colac/Documents/Unity/05_Balloons
C:/Users/colac/Documents/Unity/05_Balloons
Using Asset Import Pipeline V2.
Refreshing native plugins compatible for Editor in 15.72 ms, found 0 plugins.
Preloading 0 native plugins for Editor in 0.00 ms.
Initialize engine version: 2020.3.0f1 (c7b5465681fb)
[Subsystems] Discovering subsystems at path C:/Program Files/2020.3.0f1/Editor/Data/Resources/UnitySubsystems
[Subsystems] Discovering subsystems at path C:/Users/colac/Documents/Unity/05_Balloons/Assets
GfxDevice: creating device client; threaded=0
Direct3D:
    Version:  Direct3D 11.0 [level 11.1]
    Renderer: NVIDIA GeForce GTX 1650 with Max-Q Design (ID=0x1f99)
    Vendor:   
    VRAM:     3965 MB
    Driver:   27.21.14.5183
Initialize mono
Mono path[0] = 'C:/Program Files/2020.3.0f1/Editor/Data/Managed'
Mono path[1] = 'C:/Program Files/2020.3.0f1/Editor/Data/MonoBleedingEdge/lib/mono/unityjit'
Mono config path = 'C:/Program Files/2020.3.0f1/Editor/Data/MonoBleedingEdge/etc'
Using monoOptions --debugger-agent=transport=dt_socket,embedding=1,server=y,suspend=n,address=127.0.0.1:56996
Begin MonoManager ReloadAssembly
Registering precompiled unity dll's ...
Register platform support module: C:/Program Files/2020.3.0f1/Editor/Data/PlaybackEngines/WindowsStandaloneSupport/UnityEditor.WindowsStandalone.Extensions.dll
Registered in 0.002134 seconds.
Native extension for WindowsStandalone target not found
Refreshing native plugins compatible for Editor in 17.41 ms, found 0 plugins.
Preloading 0 native plugins for Editor in 0.00 ms.
Invoked RoslynAnalysisRunner static constructor.
RoslynAnalysisRunner will not be running.
RoslynAnalysisRunner has terminated.
Mono: successfully reloaded assembly
- Completed reload, in  0.959 seconds
Platform modules already initialized, skipping
Registering precompiled user dll's ...
Registered in 0.000494 seconds.
Begin MonoManager ReloadAssembly
Native extension for WindowsStandalone target not found
Refreshing native plugins compatible for Editor in 0.39 ms, found 0 plugins.
Preloading 0 native plugins for Editor in 0.00 ms.
Invoked RoslynAnalysisRunner static constructor.
RoslynAnalysisRunner will not be running.
RoslynAnalysisRunner has terminated.
Mono: successfully reloaded assembly
- Completed reload, in  1.063 seconds
Platform modules already initialized, skipping
========================================================================
Worker process is ready to serve import requests
Launched and connected shader compiler UnityShaderCompiler.exe after 0.06 seconds
Refreshing native plugins compatible for Editor in 0.29 ms, found 0 plugins.
Preloading 0 native plugins for Editor in 0.00 ms.
Unloading 1119 Unused Serialized files (Serialized files now loaded: 0)
System memory in use before: 57.5 MB.
System memory in use after: 57.6 MB.

Unloading 10 unused Assets to reduce memory usage. Loaded Objects now: 1563.
Total: 2.421300 ms (FindLiveObjects: 0.224100 ms CreateObjectMapping: 0.068600 ms MarkObjects: 2.014800 ms  DeleteObjects: 0.110800 ms)

========================================================================
Received Import Request.
  path: Assets/Challenge 3/Scripts/PlayerControllerX.cs
  artifactKey: Guid(c3da77984db434cf7a7209211eb746ea) Importer(815301076,1909f56bfc062723c751e8b465ee728b)
Start importing Assets/Challenge 3/Scripts/PlayerControllerX.cs using Guid(c3da77984db434cf7a7209211eb746ea) Importer(815301076,1909f56bfc062723c751e8b465ee728b)  -> (artifact id: '784e1e15c1e5ac25b127666aa3e5db8d') in 0.027631 seconds
  Import took 0.030291 seconds .

========================================================================
Received Prepare
Registering precompiled user dll's ...
Registered in 0.000497 seconds.
Begin MonoManager ReloadAssembly
Native extension for WindowsStandalone target not found
Refreshing native plugins compatible for Editor in 0.17 ms, found 0 plugins.
Preloading 0 native plugins for Editor in 0.00 ms.
Invoked RoslynAnalysisRunner static constructor.
RoslynAnalysisRunner will not be running.
RoslynAnalysisRunner has terminated.
Mono: successfully reloaded assembly
- Completed reload, in  0.557 seconds
Platform modules already initialized, skipping
Refreshing native plugins compatible for Editor in 0.25 ms, found 0 plugins.
Preloading 0 native plugins for Editor in 0.00 ms.
Unloading 1113 Unused Serialized files (Serialized files now loaded: 0)
System memory in use before: 57.4 MB.
System memory in use after: 57.5 MB.

Unloading 5 unused Assets to reduce memory usage. Loaded Objects now: 1566.
Total: 1.564300 ms (FindLiveObjects: 0.204300 ms CreateObjectMapping: 0.049800 ms MarkObjects: 1.234100 ms  DeleteObjects: 0.074800 ms)

========================================================================
Received Import Request.
  Time since last request: 38.021046 seconds.
  path: Assets/Challenge 3/Scripts/PlayerControllerX.cs
  artifactKey: Guid(c3da77984db434cf7a7209211eb746ea) Importer(815301076,1909f56bfc062723c751e8b465ee728b)
Start importing Assets/Challenge 3/Scripts/PlayerControllerX.cs using Guid(c3da77984db434cf7a7209211eb746ea) Importer(815301076,1909f56bfc062723c751e8b465ee728b)  -> (artifact id: '94943be8122c9f4942ae9a3de06bcbf4') in 0.005925 seconds
  Import took 0.007319 seconds .

AssetImportWorkerClient::OnTransportError - code=2 error=End of file
