Using pre-set license
Built from '2020.3/staging' branch; Version is '2020.3.0f1 (c7b5465681fb) revision 13088070'; Using compiler version '192528614'; Build Type 'Release'
OS: 'Windows 10 Home; OS build 19042.868; Version 2009; 64bit' Language: 'es' Physical Memory: 16085 MB
BatchMode: 1, IsHumanControllingUs: 0, StartBugReporterOnCrash: 0, Is64bit: 1, IsPro: 0

 COMMAND LINE ARGUMENTS:
C:\Program Files\2020.3.0f1\Editor\Unity.exe
-adb2
-batchMode
-noUpm
-name
AssetImportWorker0
-projectPath
C:/Users/colac/Documents/Unity/04_Jump
-logFile
Logs/AssetImportWorker0.log
-srvPort
50868
Successfully changed project path to: C:/Users/colac/Documents/Unity/04_Jump
C:/Users/colac/Documents/Unity/04_Jump
Using Asset Import Pipeline V2.
Refreshing native plugins compatible for Editor in 21.08 ms, found 0 plugins.
Preloading 0 native plugins for Editor in 0.00 ms.
Initialize engine version: 2020.3.0f1 (c7b5465681fb)
[Subsystems] Discovering subsystems at path C:/Program Files/2020.3.0f1/Editor/Data/Resources/UnitySubsystems
[Subsystems] Discovering subsystems at path C:/Users/colac/Documents/Unity/04_Jump/Assets
GfxDevice: creating device client; threaded=0
Direct3D:
    Version:  Direct3D 11.0 [level 11.1]
    Renderer: NVIDIA GeForce GTX 1650 with Max-Q Design (ID=0x1f99)
    Vendor:   
    VRAM:     3965 MB
    Driver:   27.21.14.5183
Initialize mono
Mono path[0] = 'C:/Program Files/2020.3.0f1/Editor/Data/Managed'
Mono path[1] = 'C:/Program Files/2020.3.0f1/Editor/Data/MonoBleedingEdge/lib/mono/unityjit'
Mono config path = 'C:/Program Files/2020.3.0f1/Editor/Data/MonoBleedingEdge/etc'
Using monoOptions --debugger-agent=transport=dt_socket,embedding=1,server=y,suspend=n,address=127.0.0.1:56152
Begin MonoManager ReloadAssembly
Registering precompiled unity dll's ...
Register platform support module: C:/Program Files/2020.3.0f1/Editor/Data/PlaybackEngines/WindowsStandaloneSupport/UnityEditor.WindowsStandalone.Extensions.dll
Registered in 0.001318 seconds.
Native extension for WindowsStandalone target not found
Refreshing native plugins compatible for Editor in 21.53 ms, found 0 plugins.
Preloading 0 native plugins for Editor in 0.00 ms.
Invoked RoslynAnalysisRunner static constructor.
RoslynAnalysisRunner will not be running.
RoslynAnalysisRunner has terminated.
Mono: successfully reloaded assembly
- Completed reload, in  0.755 seconds
Platform modules already initialized, skipping
Registering precompiled user dll's ...
Registered in 0.002623 seconds.
Begin MonoManager ReloadAssembly
Native extension for WindowsStandalone target not found
Refreshing native plugins compatible for Editor in 0.43 ms, found 0 plugins.
Preloading 0 native plugins for Editor in 0.00 ms.
Invoked RoslynAnalysisRunner static constructor.
RoslynAnalysisRunner will not be running.
RoslynAnalysisRunner has terminated.
Mono: successfully reloaded assembly
- Completed reload, in  0.724 seconds
Platform modules already initialized, skipping
========================================================================
Worker process is ready to serve import requests
Launched and connected shader compiler UnityShaderCompiler.exe after 0.04 seconds
Refreshing native plugins compatible for Editor in 0.28 ms, found 0 plugins.
Preloading 0 native plugins for Editor in 0.00 ms.
Unloading 1169 Unused Serialized files (Serialized files now loaded: 0)
System memory in use before: 59.5 MB.
System memory in use after: 59.6 MB.

Unloading 17 unused Assets to reduce memory usage. Loaded Objects now: 1614.
Total: 1.884100 ms (FindLiveObjects: 0.290000 ms CreateObjectMapping: 0.225700 ms MarkObjects: 1.281700 ms  DeleteObjects: 0.084800 ms)

========================================================================
Received Import Request.
  path: Assets/_Scripts/RepeatBackground.cs
  artifactKey: Guid(ad14f2fee7fd18a4c8780bdcb649277e) Importer(815301076,1909f56bfc062723c751e8b465ee728b)
Start importing Assets/_Scripts/RepeatBackground.cs using Guid(ad14f2fee7fd18a4c8780bdcb649277e) Importer(815301076,1909f56bfc062723c751e8b465ee728b)  -> (artifact id: 'cc33972eed6c6a9fd3e764c71871ca79') in 0.023035 seconds
  Import took 0.025434 seconds .

========================================================================
Received Prepare
Registering precompiled user dll's ...
Registered in 0.003778 seconds.
Begin MonoManager ReloadAssembly
Native extension for WindowsStandalone target not found
Refreshing native plugins compatible for Editor in 0.22 ms, found 0 plugins.
Preloading 0 native plugins for Editor in 0.00 ms.
Invoked RoslynAnalysisRunner static constructor.
RoslynAnalysisRunner will not be running.
RoslynAnalysisRunner has terminated.
Mono: successfully reloaded assembly
- Completed reload, in  0.555 seconds
Platform modules already initialized, skipping
Refreshing native plugins compatible for Editor in 0.25 ms, found 0 plugins.
Preloading 0 native plugins for Editor in 0.00 ms.
Unloading 1162 Unused Serialized files (Serialized files now loaded: 0)
System memory in use before: 59.4 MB.
System memory in use after: 59.5 MB.

Unloading 12 unused Assets to reduce memory usage. Loaded Objects now: 1617.
Total: 1.578400 ms (FindLiveObjects: 0.197700 ms CreateObjectMapping: 0.045500 ms MarkObjects: 1.263500 ms  DeleteObjects: 0.070600 ms)

========================================================================
Received Import Request.
  Time since last request: 30.152227 seconds.
  path: Assets/_Scripts/RepeatBackground.cs
  artifactKey: Guid(ad14f2fee7fd18a4c8780bdcb649277e) Importer(815301076,1909f56bfc062723c751e8b465ee728b)
Start importing Assets/_Scripts/RepeatBackground.cs using Guid(ad14f2fee7fd18a4c8780bdcb649277e) Importer(815301076,1909f56bfc062723c751e8b465ee728b)  -> (artifact id: 'f3ab9d35958417bda5b986d0fdc7b8f3') in 0.004333 seconds
  Import took 0.006108 seconds .

========================================================================
Received Import Request.
  Time since last request: 57.550499 seconds.
  path: Assets/Scenes/Sample Scene.unity
  artifactKey: Guid(768c3a767c1aaf044a7960c49d35a042) Importer(815301076,1909f56bfc062723c751e8b465ee728b)
Start importing Assets/Scenes/Sample Scene.unity using Guid(768c3a767c1aaf044a7960c49d35a042) Importer(815301076,1909f56bfc062723c751e8b465ee728b)  -> (artifact id: '5af61bf8114387e470c320da1fdb9602') in 0.011726 seconds
  Import took 0.013473 seconds .

========================================================================
Received Prepare
Registering precompiled user dll's ...
Registered in 0.002560 seconds.
Begin MonoManager ReloadAssembly
Native extension for WindowsStandalone target not found
Refreshing native plugins compatible for Editor in 0.23 ms, found 0 plugins.
Preloading 0 native plugins for Editor in 0.00 ms.
Invoked RoslynAnalysisRunner static constructor.
RoslynAnalysisRunner will not be running.
RoslynAnalysisRunner has terminated.
Mono: successfully reloaded assembly
- Completed reload, in  0.527 seconds
Platform modules already initialized, skipping
Refreshing native plugins compatible for Editor in 0.23 ms, found 0 plugins.
Preloading 0 native plugins for Editor in 0.00 ms.
Unloading 1162 Unused Serialized files (Serialized files now loaded: 0)
System memory in use before: 59.4 MB.
System memory in use after: 59.5 MB.

Unloading 12 unused Assets to reduce memory usage. Loaded Objects now: 1620.
Total: 1.222100 ms (FindLiveObjects: 0.106500 ms CreateObjectMapping: 0.025400 ms MarkObjects: 1.021900 ms  DeleteObjects: 0.067300 ms)

AssetImportWorkerClient::OnTransportError - code=2 error=End of file
